app/build/intermediates/manifest_merge_blame_file/debug/manifest-merger-blame-debug-report.txt
1<?xml version="1.0" encoding="utf-8"?>
2<manifest xmlns:android="http://schemas.android.com/apk/res/android"
3    package="com.example.kotlin"
4    android:versionCode="1"
5    android:versionName="1.0" >
6
7    <uses-sdk
8        android:minSdkVersion="21"
8-->src/main/AndroidManifest.xml
9        android:targetSdkVersion="29" />
9-->src/main/AndroidManifest.xml
10
11    <application
11-->src/main/AndroidManifest.xml:5:5-24:19
12        android:allowBackup="true"
12-->src/main/AndroidManifest.xml:6:9-35
13        android:appComponentFactory="androidx.core.app.CoreComponentFactory"
13-->[androidx.core:core:1.0.2] AndroidManifest.xml:22:18-86
14        android:debuggable="true"
15        android:icon="@mipmap/ic_launcher"
15-->src/main/AndroidManifest.xml:7:9-43
16        android:label="@string/app_name"
16-->src/main/AndroidManifest.xml:8:9-41
17        android:roundIcon="@mipmap/ic_launcher_round"
17-->src/main/AndroidManifest.xml:9:9-54
18        android:supportsRtl="true"
18-->src/main/AndroidManifest.xml:10:9-35
19        android:theme="@style/AppTheme" >
19-->src/main/AndroidManifest.xml:11:9-40
20        <activity android:name="com.example.kotlin.MainActivity" >
20-->src/main/AndroidManifest.xml:12:9-13:20
20-->src/main/AndroidManifest.xml:12:19-47
21        </activity>
22        <activity android:name="com.example.kotlin.RecyclerViewActivity" >
22-->src/main/AndroidManifest.xml:14:9-20:20
22-->src/main/AndroidManifest.xml:14:19-55
23            <intent-filter>
23-->src/main/AndroidManifest.xml:15:13-19:29
24                <action android:name="android.intent.action.MAIN" />
24-->src/main/AndroidManifest.xml:16:17-69
24-->src/main/AndroidManifest.xml:16:25-66
25
26                <category android:name="android.intent.category.LAUNCHER" />
26-->src/main/AndroidManifest.xml:18:17-77
26-->src/main/AndroidManifest.xml:18:27-74
27            </intent-filter>
28        </activity>
29
30        <meta-data
30-->src/main/AndroidManifest.xml:21:9-23:57
31            android:name="preloaded_fonts"
31-->src/main/AndroidManifest.xml:22:13-43
32            android:resource="@array/preloaded_fonts" />
32-->src/main/AndroidManifest.xml:23:13-54
33    </application>
34
35</manifest>